<?xml version="1.0" encoding="UTF-8"?>
<testng-results ignored="0" total="1" passed="1" failed="0" skipped="0">
  <reporter-output>
  </reporter-output>
  <suite started-at="2025-12-06T03:36:06 PET" name="Surefire suite" finished-at="2025-12-06T03:36:11 PET" duration-ms="5392">
    <groups>
    </groups>
    <test started-at="2025-12-06T03:36:06 PET" name="Surefire test" finished-at="2025-12-06T03:36:11 PET" duration-ms="5392">
      <class name="com.curso.selenium.PrimerTest">
        <test-method is-config="true" signature="setUp()[pri:0, instance:com.curso.selenium.PrimerTest@bef2d72]" started-at="2025-12-06T03:36:06 PET" name="setUp" finished-at="2025-12-06T03:36:09 PET" duration-ms="3735" status="PASS">
          <reporter-output>
          </reporter-output>
        </test-method> <!-- setUp -->
        <test-method signature="verificarTituloDeGoogle()[pri:0, instance:com.curso.selenium.PrimerTest@bef2d72]" started-at="2025-12-06T03:36:09 PET" name="verificarTituloDeGoogle" finished-at="2025-12-06T03:36:11 PET" duration-ms="1480" status="PASS">
          <reporter-output>
          </reporter-output>
        </test-method> <!-- verificarTituloDeGoogle -->
        <test-method is-config="true" signature="tearDown()[pri:0, instance:com.curso.selenium.PrimerTest@bef2d72]" started-at="2025-12-06T03:36:11 PET" name="tearDown" finished-at="2025-12-06T03:36:11 PET" duration-ms="149" status="PASS">
          <reporter-output>
          </reporter-output>
        </test-method> <!-- tearDown -->
      </class> <!-- com.curso.selenium.PrimerTest -->
    </test> <!-- Surefire test -->
  </suite> <!-- Surefire suite -->
</testng-results>
